<?xml version="1.0" encoding="UTF-8"?>
<testng-results ignored="0" total="1" passed="1" failed="0" skipped="0">
  <reporter-output>
  </reporter-output>
  <suite started-at="2023-12-14T11:21:16 IST" name="Default suite" finished-at="2023-12-14T11:21:21 IST" duration-ms="5370">
    <groups>
    </groups>
    <test started-at="2023-12-14T11:21:16 IST" name="Default test" finished-at="2023-12-14T11:21:21 IST" duration-ms="5370">
      <class name="Dropdown.DropdownTest">
        <test-method signature="Selectdropdown()[pri:0, instance:Dropdown.DropdownTest@24fcf36f]" started-at="2023-12-14T11:21:16 IST" name="Selectdropdown" finished-at="2023-12-14T11:21:21 IST" duration-ms="5341" status="PASS">
          <reporter-output>
          </reporter-output>
        </test-method> <!-- Selectdropdown -->
      </class> <!-- Dropdown.DropdownTest -->
    </test> <!-- Default test -->
  </suite> <!-- Default suite -->
</testng-results>
